Total Number of addresses accessesed: 262144
-------------------------------------------------------
Latency(cycles)		Address-Count 
-------------------------------------------------------
[0-20)   	               0 
[20-40)   	               0 
[40-60)   	               0 
[60-80)   	               0 
[80-100)   	               0 
[100-120)   	               0 
[120-140)   	               0 
[140-160)   	               0 
[160-180)   	               0 
[180-200)   	               0 
[200-220)   	               0 
[220-240)   	               0 
[240-260)   	           23361 
[260-280)   	           93614 
[280-300)   	           84733 
[300-320)   	           21747 
[320-340)   	            4626 
[340-360)   	            1855 
[360-380)   	            6464 
[380-400)   	           11634 
[400-420)   	            9380 
[420-440)   	            3677 
[440-460)   	             817 
[460-480)   	             153 
[480-500)   	              43 
[500-520)   	              19 
[520-540)   	               5 
[540-560)   	               1 
[560-580)   	               2 
[580-600)   	               2 
[600-620)   	               4 
[620-640)   	               1 
[640-660)   	               2 
[660-680)   	               0 
[680-700)   	               0 
[700-720)   	               0 
[720-740)   	               0 
[740-760)   	               0 
[760-780)   	               0 
[780-800)   	               0 
[800-820)   	               0 
[820-840)   	               1 
[840-860)   	               1 
[860-880)   	               0 
[880-900)   	               0 
[900-920)   	               0 
[920-940)   	               0 
[940-960)   	               0 
[960-980)   	               0 
[980-1000)   	               0 
1000+   	               0 
